<?xml version="1.0" encoding="UTF-8"?>
<!-- Generated by org.testng.reporters.JUnitReportReporter -->
<testsuite hostname="DESKTOP-3B50GB3" failures="0" tests="1" name="com.actitime.tests.ValidLoginLogoutTest" time="30.012" errors="0" timestamp="14 Apr 2018 10:35:14 GMT" skipped="0">
  <testcase classname="com.actitime.tests.ValidLoginLogoutTest" name="testValidLoginLogout" time="30.012"/>
</testsuite> <!-- com.actitime.tests.ValidLoginLogoutTest -->
