<?xml version="1.0" encoding="UTF-8"?>
<!-- Generated by org.testng.reporters.JUnitReportReporter -->
<testsuite hostname="DESKTOP-3B50GB3" failures="0" tests="1" name="qsp.DemoTest" time="0.009" errors="0" timestamp="14 Apr 2018 02:52:29 GMT" skipped="0">
  <testcase classname="qsp.DemoTest" name="testA" time="0.009"/>
</testsuite> <!-- qsp.DemoTest -->
