<?xml version="1.0" encoding="UTF-8"?>
<!-- Generated by org.testng.reporters.JUnitReportReporter -->
<testsuite hostname="DESKTOP-3B50GB3" failures="0" tests="1" name="com.actitime.tests.VerifyBuildNumber" time="54.643" errors="0" timestamp="14 Apr 2018 10:35:14 GMT" skipped="0">
  <testcase classname="com.actitime.tests.VerifyBuildNumber" name="testVerifyBuildNumber" time="54.643"/>
</testsuite> <!-- com.actitime.tests.VerifyBuildNumber -->
